<?xml version="1.0" encoding="UTF-8"?>
<testsuite xmlns:xsi="http://www.w3.org/2001/XMLSchema-instance" xsi:noNamespaceSchemaLocation="https://maven.apache.org/surefire/maven-surefire-plugin/xsd/surefire-test-report.xsd" name="AppTest" time="6.456" tests="29" errors="0" skipped="0" failures="0">
  <properties>
[...]
</properties>
  <testcase name="testInvalidEmailAndPhoneRegistration" classname="AppTest" time="0.205"/>
  <testcase name="testEmptyDescription" classname="AppTest" time="0.108"/>
  <testcase name="testGetFinishedTasksForUser" classname="AppTest" time="0.351"/>
  <testcase name="testSaveDisasterReport" classname="AppTest" time="0.385"/>
  <testcase name="testInvalidEmailRegistration" classname="AppTest" time="0.08"/>
  <testcase name="testSaveUser" classname="AppTest" time="0.151"/>
  <testcase name="testUpdateTaskStatus" classname="AppTest" time="0.337"/>
  <testcase name="testEmptyUsername" classname="AppTest" time="0.095"/>
  <testcase name="testEmptyPasswordRegistration" classname="AppTest" time="0.083"/>
  <testcase name="testSuccessfulRegistration" classname="AppTest" time="0.161"/>
  <testcase name="testValidLogin" classname="AppTest" time="0.077"/>
  <testcase name="testGetAllFinishedTasks" classname="AppTest" time="0.183"/>
  <testcase name="testUpdateUserRole" classname="AppTest" time="0.088"/>
  <testcase name="testNonExistentUserRole" classname="AppTest" time="0.066"/>
  <testcase name="testSaveAssignedTask" classname="AppTest" time="0.172"/>
  <testcase name="testGetAssignedTasksSortedByPriority" classname="AppTest" time="0.455"/>
  <testcase name="testPasswordEncryption" classname="AppTest" time="0.072"/>
  <testcase name="testDuplicateUsername" classname="AppTest" time="0.126"/>
  <testcase name="testIsEmailAndPhoneRegistered" classname="AppTest" time="0.125"/>
  <testcase name="testEmptySeverity" classname="AppTest" time="0.058"/>
  <testcase name="testEmptyDisasterType" classname="AppTest" time="0.048"/>
  <testcase name="testFetchAllUsers" classname="AppTest" time="0.06"/>
  <testcase name="testEmptyLocation" classname="AppTest" time="0.053"/>
  <testcase name="testDeleteUser" classname="AppTest" time="0.071"/>
  <testcase name="testGetUserRole" classname="AppTest" time="0.089"/>
  <testcase name="testUpdateTaskStatusToInProgress" classname="AppTest" time="0.157"/>
  <testcase name="testGetAllDisasterReports" classname="AppTest" time="0.107"/>
  <testcase name="testEmptyUsernameRegistration" classname="AppTest" time="0.056"/>
  <testcase name="testInvalidLogin" classname="AppTest" time="0.082"/>
</testsuite>